2016-07-23 12:18:58,327 [INFO ][main                ][org.jppf.utils.VersionUtils.logVersionInformation(80)]: --------------------------------------------------------------------------------
2016-07-23 12:18:58,329 [INFO ][main                ][org.jppf.utils.VersionUtils.logVersionInformation(81)]: JPPF Version: 5.2-beta2, Build number: 1858, Build date: 2016-07-22 09:39 CEST
2016-07-23 12:18:58,329 [INFO ][main                ][org.jppf.utils.VersionUtils.logVersionInformation(82)]: starting client with PID=1336, UUID=0C3F9710-4997-A64D-617E-2CB9E7732530
2016-07-23 12:18:58,329 [INFO ][main                ][org.jppf.utils.VersionUtils.logVersionInformation(83)]: --------------------------------------------------------------------------------
2016-07-23 12:18:58,363 [INFO ][JPPF Client-0001    ][org.jppf.client.AbstractGenericClient.newConnection(279)]: connection [driver1-1] created
2016-07-23 12:18:58,368 [INFO ][JPPF Client-0002    ][org.jppf.client.ClassServerDelegateImpl.init(77)]: [client: driver1-1 - ClassServer] Attempting connection to the class server at localhost:11111
2016-07-23 12:18:58,382 [INFO ][JPPF Client-0002    ][org.jppf.client.ClassServerDelegateImpl.init(84)]: [client: driver1-1 - ClassServer] Reconnected to the class server
2016-07-23 12:18:58,383 [INFO ][JPPF Client-0002    ][org.jppf.client.TaskServerConnectionHandler.init(79)]: [client: driver1-1 - TasksServer] Attempting connection to the task server at localhost:11111
2016-07-23 12:18:58,415 [INFO ][JPPF Client-0002    ][org.jppf.client.TaskServerConnectionHandler.init(93)]: [client: driver1-1 - TasksServer] Reconnected to the JPPF task server
2016-07-23 12:18:58,462 [DEBUG][apper-driver1-1-0001][org.jppf.client.balancer.ChannelWrapperRemote.run(207)]: ChannelWrapperRemote[channel=driver1-1[localhost:11111] : EXECUTING] executing 1 tasks of job JPPFJob[name=Job 1 - batch 1 (1/1), uuid=E68E2A2A-3301-210F-2CA1-865C04FD5F30, blocking=false, nbTasks=1, nbResults=0, jobSLA=org.jppf.node.protocol.JPPFJobSLA@3e9504f2]
2016-07-23 12:18:59,995 [DEBUG][apper-driver1-1-0001][org.jppf.client.balancer.ChannelWrapperRemote.run(225)]: received 1 tasks from server, first position=0
2016-07-23 12:18:59,999 [DEBUG][apper-driver1-1-0001][org.jppf.client.balancer.ChannelWrapperRemote.run(251)]: finally: channelClosed=false, resetting=false
2016-07-23 12:19:02,009 [INFO ][main                ][org.jppf.client.AbstractGenericClient.newConnection(279)]: connection [driver1-2] created
2016-07-23 12:19:02,011 [INFO ][JPPF Client-0003    ][org.jppf.client.ClassServerDelegateImpl.init(77)]: [client: driver1-2 - ClassServer] Attempting connection to the class server at localhost:11111
2016-07-23 12:19:02,016 [INFO ][JPPF Client-0003    ][org.jppf.client.ClassServerDelegateImpl.init(84)]: [client: driver1-2 - ClassServer] Reconnected to the class server
2016-07-23 12:19:02,018 [INFO ][JPPF Client-0003    ][org.jppf.client.TaskServerConnectionHandler.init(79)]: [client: driver1-2 - TasksServer] Attempting connection to the task server at localhost:11111
2016-07-23 12:19:02,033 [INFO ][JPPF Client-0003    ][org.jppf.client.TaskServerConnectionHandler.init(93)]: [client: driver1-2 - TasksServer] Reconnected to the JPPF task server
2016-07-23 12:19:02,039 [INFO ][main                ][org.jppf.client.AbstractGenericClient.newConnection(279)]: connection [driver1-3] created
2016-07-23 12:19:02,040 [INFO ][JPPF Client-0004    ][org.jppf.client.ClassServerDelegateImpl.init(77)]: [client: driver1-3 - ClassServer] Attempting connection to the class server at localhost:11111
2016-07-23 12:19:02,049 [INFO ][JPPF Client-0004    ][org.jppf.client.ClassServerDelegateImpl.init(84)]: [client: driver1-3 - ClassServer] Reconnected to the class server
2016-07-23 12:19:02,050 [INFO ][JPPF Client-0004    ][org.jppf.client.TaskServerConnectionHandler.init(79)]: [client: driver1-3 - TasksServer] Attempting connection to the task server at localhost:11111
2016-07-23 12:19:02,063 [INFO ][main                ][org.jppf.client.AbstractGenericClient.newConnection(279)]: connection [driver1-4] created
2016-07-23 12:19:02,065 [INFO ][JPPF Client-0005    ][org.jppf.client.ClassServerDelegateImpl.init(77)]: [client: driver1-4 - ClassServer] Attempting connection to the class server at localhost:11111
2016-07-23 12:19:02,066 [INFO ][JPPF Client-0004    ][org.jppf.client.TaskServerConnectionHandler.init(93)]: [client: driver1-3 - TasksServer] Reconnected to the JPPF task server
2016-07-23 12:19:02,071 [INFO ][JPPF Client-0005    ][org.jppf.client.ClassServerDelegateImpl.init(84)]: [client: driver1-4 - ClassServer] Reconnected to the class server
2016-07-23 12:19:02,072 [INFO ][JPPF Client-0005    ][org.jppf.client.TaskServerConnectionHandler.init(79)]: [client: driver1-4 - TasksServer] Attempting connection to the task server at localhost:11111
2016-07-23 12:19:02,088 [INFO ][main                ][org.jppf.client.AbstractGenericClient.newConnection(279)]: connection [driver1-5] created
2016-07-23 12:19:02,089 [INFO ][JPPF Client-0006    ][org.jppf.client.ClassServerDelegateImpl.init(77)]: [client: driver1-5 - ClassServer] Attempting connection to the class server at localhost:11111
2016-07-23 12:19:02,091 [INFO ][JPPF Client-0005    ][org.jppf.client.TaskServerConnectionHandler.init(93)]: [client: driver1-4 - TasksServer] Reconnected to the JPPF task server
2016-07-23 12:19:02,099 [INFO ][JPPF Client-0006    ][org.jppf.client.ClassServerDelegateImpl.init(84)]: [client: driver1-5 - ClassServer] Reconnected to the class server
2016-07-23 12:19:02,099 [INFO ][JPPF Client-0006    ][org.jppf.client.TaskServerConnectionHandler.init(79)]: [client: driver1-5 - TasksServer] Attempting connection to the task server at localhost:11111
2016-07-23 12:19:02,111 [INFO ][JPPF Client-0006    ][org.jppf.client.TaskServerConnectionHandler.init(93)]: [client: driver1-5 - TasksServer] Reconnected to the JPPF task server
2016-07-23 12:19:02,112 [INFO ][main                ][org.jppf.client.AbstractGenericClient.newConnection(279)]: connection [driver1-6] created
2016-07-23 12:19:02,113 [INFO ][JPPF Client-0007    ][org.jppf.client.ClassServerDelegateImpl.init(77)]: [client: driver1-6 - ClassServer] Attempting connection to the class server at localhost:11111
2016-07-23 12:19:02,115 [INFO ][JPPF Client-0007    ][org.jppf.client.ClassServerDelegateImpl.init(84)]: [client: driver1-6 - ClassServer] Reconnected to the class server
2016-07-23 12:19:02,116 [INFO ][JPPF Client-0007    ][org.jppf.client.TaskServerConnectionHandler.init(79)]: [client: driver1-6 - TasksServer] Attempting connection to the task server at localhost:11111
2016-07-23 12:19:02,131 [INFO ][JPPF Client-0007    ][org.jppf.client.TaskServerConnectionHandler.init(93)]: [client: driver1-6 - TasksServer] Reconnected to the JPPF task server
2016-07-23 12:19:02,137 [INFO ][main                ][org.jppf.client.AbstractGenericClient.newConnection(279)]: connection [driver1-7] created
2016-07-23 12:19:02,137 [INFO ][JPPF Client-0008    ][org.jppf.client.ClassServerDelegateImpl.init(77)]: [client: driver1-7 - ClassServer] Attempting connection to the class server at localhost:11111
2016-07-23 12:19:02,142 [INFO ][JPPF Client-0008    ][org.jppf.client.ClassServerDelegateImpl.init(84)]: [client: driver1-7 - ClassServer] Reconnected to the class server
2016-07-23 12:19:02,143 [INFO ][JPPF Client-0008    ][org.jppf.client.TaskServerConnectionHandler.init(79)]: [client: driver1-7 - TasksServer] Attempting connection to the task server at localhost:11111
2016-07-23 12:19:02,155 [INFO ][JPPF Client-0008    ][org.jppf.client.TaskServerConnectionHandler.init(93)]: [client: driver1-7 - TasksServer] Reconnected to the JPPF task server
2016-07-23 12:19:02,161 [INFO ][main                ][org.jppf.client.AbstractGenericClient.newConnection(279)]: connection [driver1-8] created
2016-07-23 12:19:02,161 [INFO ][JPPF Client-0008    ][org.jppf.client.ClassServerDelegateImpl.init(77)]: [client: driver1-8 - ClassServer] Attempting connection to the class server at localhost:11111
2016-07-23 12:19:02,171 [INFO ][JPPF Client-0008    ][org.jppf.client.ClassServerDelegateImpl.init(84)]: [client: driver1-8 - ClassServer] Reconnected to the class server
2016-07-23 12:19:02,172 [INFO ][JPPF Client-0008    ][org.jppf.client.TaskServerConnectionHandler.init(79)]: [client: driver1-8 - TasksServer] Attempting connection to the task server at localhost:11111
2016-07-23 12:19:02,180 [INFO ][JPPF Client-0008    ][org.jppf.client.TaskServerConnectionHandler.init(93)]: [client: driver1-8 - TasksServer] Reconnected to the JPPF task server
2016-07-23 12:19:02,184 [INFO ][main                ][org.jppf.client.AbstractGenericClient.newConnection(279)]: connection [driver1-9] created
2016-07-23 12:19:02,185 [INFO ][JPPF Client-0008    ][org.jppf.client.ClassServerDelegateImpl.init(77)]: [client: driver1-9 - ClassServer] Attempting connection to the class server at localhost:11111
2016-07-23 12:19:02,195 [INFO ][JPPF Client-0008    ][org.jppf.client.ClassServerDelegateImpl.init(84)]: [client: driver1-9 - ClassServer] Reconnected to the class server
2016-07-23 12:19:02,195 [INFO ][JPPF Client-0008    ][org.jppf.client.TaskServerConnectionHandler.init(79)]: [client: driver1-9 - TasksServer] Attempting connection to the task server at localhost:11111
2016-07-23 12:19:02,203 [INFO ][JPPF Client-0008    ][org.jppf.client.TaskServerConnectionHandler.init(93)]: [client: driver1-9 - TasksServer] Reconnected to the JPPF task server
2016-07-23 12:19:02,208 [INFO ][main                ][org.jppf.client.AbstractGenericClient.newConnection(279)]: connection [driver1-10] created
2016-07-23 12:19:02,209 [INFO ][JPPF Client-0008    ][org.jppf.client.ClassServerDelegateImpl.init(77)]: [client: driver1-10 - ClassServer] Attempting connection to the class server at localhost:11111
2016-07-23 12:19:02,214 [INFO ][JPPF Client-0008    ][org.jppf.client.ClassServerDelegateImpl.init(84)]: [client: driver1-10 - ClassServer] Reconnected to the class server
2016-07-23 12:19:02,215 [INFO ][JPPF Client-0008    ][org.jppf.client.TaskServerConnectionHandler.init(79)]: [client: driver1-10 - TasksServer] Attempting connection to the task server at localhost:11111
2016-07-23 12:19:02,230 [INFO ][JPPF Client-0008    ][org.jppf.client.TaskServerConnectionHandler.init(93)]: [client: driver1-10 - TasksServer] Reconnected to the JPPF task server
2016-07-23 12:19:02,248 [DEBUG][apper-driver1-5-0001][org.jppf.client.balancer.ChannelWrapperRemote.run(207)]: ChannelWrapperRemote[channel=driver1-5[localhost:11111] : EXECUTING] executing 1 tasks of job JPPFJob[name=Job 2 - batch 2 (1/20), uuid=123B2062-E7DB-BBBF-837B-16088D20E8BC, blocking=false, nbTasks=1, nbResults=0, jobSLA=org.jppf.node.protocol.JPPFJobSLA@115d7e83]
2016-07-23 12:19:02,248 [DEBUG][apper-driver1-3-0001][org.jppf.client.balancer.ChannelWrapperRemote.run(207)]: ChannelWrapperRemote[channel=driver1-3[localhost:11111] : EXECUTING] executing 1 tasks of job JPPFJob[name=Job 3 - batch 2 (2/20), uuid=74C81B64-23CD-2112-B36B-69323AC237CF, blocking=false, nbTasks=1, nbResults=0, jobSLA=org.jppf.node.protocol.JPPFJobSLA@442ac57c]
2016-07-23 12:19:02,249 [DEBUG][apper-driver1-2-0001][org.jppf.client.balancer.ChannelWrapperRemote.run(207)]: ChannelWrapperRemote[channel=driver1-2[localhost:11111] : EXECUTING] executing 1 tasks of job JPPFJob[name=Job 4 - batch 2 (3/20), uuid=C005231C-D050-D459-D37F-DEA1B2CFC8AD, blocking=false, nbTasks=1, nbResults=0, jobSLA=org.jppf.node.protocol.JPPFJobSLA@54b216b3]
2016-07-23 12:19:02,253 [DEBUG][apper-driver1-1-0001][org.jppf.client.balancer.ChannelWrapperRemote.run(207)]: ChannelWrapperRemote[channel=driver1-1[localhost:11111] : EXECUTING] executing 1 tasks of job JPPFJob[name=Job 6 - batch 2 (5/20), uuid=7EC4A960-0DE1-EC3A-3849-8D27CD4D8DD4, blocking=false, nbTasks=1, nbResults=0, jobSLA=org.jppf.node.protocol.JPPFJobSLA@63662529]
2016-07-23 12:19:02,257 [DEBUG][pper-driver1-10-0001][org.jppf.client.balancer.ChannelWrapperRemote.run(207)]: ChannelWrapperRemote[channel=driver1-10[localhost:11111] : EXECUTING] executing 1 tasks of job JPPFJob[name=Job 5 - batch 2 (4/20), uuid=463D8830-C951-9DCA-7FE7-280A8C19F403, blocking=false, nbTasks=1, nbResults=0, jobSLA=org.jppf.node.protocol.JPPFJobSLA@691c5809]
2016-07-23 12:19:02,257 [DEBUG][apper-driver1-4-0001][org.jppf.client.balancer.ChannelWrapperRemote.run(207)]: ChannelWrapperRemote[channel=driver1-4[localhost:11111] : EXECUTING] executing 1 tasks of job JPPFJob[name=Job 9 - batch 2 (8/20), uuid=A29DD9FC-B4BE-7239-D767-E949C4B316CA, blocking=false, nbTasks=1, nbResults=0, jobSLA=org.jppf.node.protocol.JPPFJobSLA@14fa6144]
2016-07-23 12:19:02,258 [DEBUG][apper-driver1-8-0001][org.jppf.client.balancer.ChannelWrapperRemote.run(207)]: ChannelWrapperRemote[channel=driver1-8[localhost:11111] : EXECUTING] executing 1 tasks of job JPPFJob[name=Job 11 - batch 2 (10/20), uuid=7058517F-CA67-D852-C17B-579383CF0269, blocking=false, nbTasks=1, nbResults=0, jobSLA=org.jppf.node.protocol.JPPFJobSLA@430f766f]
2016-07-23 12:19:02,259 [DEBUG][apper-driver1-6-0001][org.jppf.client.balancer.ChannelWrapperRemote.run(207)]: ChannelWrapperRemote[channel=driver1-6[localhost:11111] : EXECUTING] executing 1 tasks of job JPPFJob[name=Job 10 - batch 2 (9/20), uuid=4548E3BA-A2D2-43CD-4307-4F1CA21433F9, blocking=false, nbTasks=1, nbResults=0, jobSLA=org.jppf.node.protocol.JPPFJobSLA@37b2cb94]
2016-07-23 12:19:02,265 [DEBUG][apper-driver1-9-0001][org.jppf.client.balancer.ChannelWrapperRemote.run(207)]: ChannelWrapperRemote[channel=driver1-9[localhost:11111] : EXECUTING] executing 1 tasks of job JPPFJob[name=Job 7 - batch 2 (6/20), uuid=3412F3EB-E7C2-DD02-0865-7A77D28EB9C5, blocking=false, nbTasks=1, nbResults=0, jobSLA=org.jppf.node.protocol.JPPFJobSLA@2f380a71]
2016-07-23 12:19:02,265 [DEBUG][apper-driver1-7-0001][org.jppf.client.balancer.ChannelWrapperRemote.run(207)]: ChannelWrapperRemote[channel=driver1-7[localhost:11111] : EXECUTING] executing 1 tasks of job JPPFJob[name=Job 8 - batch 2 (7/20), uuid=C64029F6-CA5D-6006-9344-B38D61E32D7B, blocking=false, nbTasks=1, nbResults=0, jobSLA=org.jppf.node.protocol.JPPFJobSLA@83598ef]
2016-07-23 12:19:03,773 [DEBUG][apper-driver1-5-0001][org.jppf.client.balancer.ChannelWrapperRemote.run(225)]: received 1 tasks from server, first position=0
2016-07-23 12:19:03,773 [DEBUG][apper-driver1-5-0001][org.jppf.client.balancer.ChannelWrapperRemote.run(251)]: finally: channelClosed=false, resetting=false
2016-07-23 12:19:03,775 [DEBUG][apper-driver1-5-0001][org.jppf.client.balancer.ChannelWrapperRemote.run(207)]: ChannelWrapperRemote[channel=driver1-5[localhost:11111] : EXECUTING] executing 1 tasks of job JPPFJob[name=Job 12 - batch 2 (11/20), uuid=350F0870-B63E-B0D7-0A13-A94A2964F5E1, blocking=false, nbTasks=1, nbResults=0, jobSLA=org.jppf.node.protocol.JPPFJobSLA@c31d6f2]
2016-07-23 12:19:04,455 [DEBUG][apper-driver1-3-0001][org.jppf.client.balancer.ChannelWrapperRemote.run(225)]: received 1 tasks from server, first position=0
2016-07-23 12:19:04,456 [DEBUG][apper-driver1-3-0001][org.jppf.client.balancer.ChannelWrapperRemote.run(251)]: finally: channelClosed=false, resetting=false
2016-07-23 12:19:04,456 [DEBUG][apper-driver1-3-0001][org.jppf.client.balancer.ChannelWrapperRemote.run(207)]: ChannelWrapperRemote[channel=driver1-3[localhost:11111] : EXECUTING] executing 1 tasks of job JPPFJob[name=Job 13 - batch 2 (12/20), uuid=B911223D-31EB-0854-D411-019BAEFE46C1, blocking=false, nbTasks=1, nbResults=0, jobSLA=org.jppf.node.protocol.JPPFJobSLA@d32c064]
2016-07-23 12:19:04,477 [DEBUG][apper-driver1-2-0001][org.jppf.client.balancer.ChannelWrapperRemote.run(225)]: received 1 tasks from server, first position=0
2016-07-23 12:19:04,477 [DEBUG][apper-driver1-2-0001][org.jppf.client.balancer.ChannelWrapperRemote.run(251)]: finally: channelClosed=false, resetting=false
2016-07-23 12:19:04,477 [DEBUG][apper-driver1-2-0001][org.jppf.client.balancer.ChannelWrapperRemote.run(207)]: ChannelWrapperRemote[channel=driver1-2[localhost:11111] : EXECUTING] executing 1 tasks of job JPPFJob[name=Job 14 - batch 2 (13/20), uuid=FC8A7EA6-2551-831B-D328-160059775D86, blocking=false, nbTasks=1, nbResults=0, jobSLA=org.jppf.node.protocol.JPPFJobSLA@25c22d44]
2016-07-23 12:19:04,485 [DEBUG][apper-driver1-1-0001][org.jppf.client.balancer.ChannelWrapperRemote.run(225)]: received 1 tasks from server, first position=0
2016-07-23 12:19:04,486 [DEBUG][apper-driver1-1-0001][org.jppf.client.balancer.ChannelWrapperRemote.run(251)]: finally: channelClosed=false, resetting=false
2016-07-23 12:19:04,486 [DEBUG][apper-driver1-1-0001][org.jppf.client.balancer.ChannelWrapperRemote.run(207)]: ChannelWrapperRemote[channel=driver1-1[localhost:11111] : EXECUTING] executing 1 tasks of job JPPFJob[name=Job 15 - batch 2 (14/20), uuid=CB1B8B18-D9F2-24C3-F143-C6B5C407FA18, blocking=false, nbTasks=1, nbResults=0, jobSLA=org.jppf.node.protocol.JPPFJobSLA@5e9daefe]
2016-07-23 12:19:04,499 [DEBUG][pper-driver1-10-0001][org.jppf.client.balancer.ChannelWrapperRemote.run(225)]: received 1 tasks from server, first position=0
2016-07-23 12:19:04,499 [DEBUG][pper-driver1-10-0001][org.jppf.client.balancer.ChannelWrapperRemote.run(251)]: finally: channelClosed=false, resetting=false
2016-07-23 12:19:04,500 [DEBUG][pper-driver1-10-0001][org.jppf.client.balancer.ChannelWrapperRemote.run(207)]: ChannelWrapperRemote[channel=driver1-10[localhost:11111] : EXECUTING] executing 1 tasks of job JPPFJob[name=Job 16 - batch 2 (15/20), uuid=16D1FFC7-8128-E341-DFC8-667E5CFA0224, blocking=false, nbTasks=1, nbResults=0, jobSLA=org.jppf.node.protocol.JPPFJobSLA@14a99367]
2016-07-23 12:19:05,283 [DEBUG][apper-driver1-4-0001][org.jppf.client.balancer.ChannelWrapperRemote.run(225)]: received 1 tasks from server, first position=0
2016-07-23 12:19:05,284 [DEBUG][apper-driver1-4-0001][org.jppf.client.balancer.ChannelWrapperRemote.run(251)]: finally: channelClosed=false, resetting=false
2016-07-23 12:19:05,286 [DEBUG][apper-driver1-4-0001][org.jppf.client.balancer.ChannelWrapperRemote.run(207)]: ChannelWrapperRemote[channel=driver1-4[localhost:11111] : EXECUTING] executing 1 tasks of job JPPFJob[name=Job 17 - batch 2 (16/20), uuid=BC5D578A-543D-EB8B-A763-BCD93092D9DA, blocking=false, nbTasks=1, nbResults=0, jobSLA=org.jppf.node.protocol.JPPFJobSLA@7f8dd355]
2016-07-23 12:19:05,963 [DEBUG][apper-driver1-8-0001][org.jppf.client.balancer.ChannelWrapperRemote.run(225)]: received 1 tasks from server, first position=0
2016-07-23 12:19:05,964 [DEBUG][apper-driver1-8-0001][org.jppf.client.balancer.ChannelWrapperRemote.run(251)]: finally: channelClosed=false, resetting=false
2016-07-23 12:19:05,967 [DEBUG][apper-driver1-8-0001][org.jppf.client.balancer.ChannelWrapperRemote.run(207)]: ChannelWrapperRemote[channel=driver1-8[localhost:11111] : EXECUTING] executing 1 tasks of job JPPFJob[name=Job 18 - batch 2 (17/20), uuid=F950725F-AA28-EBE3-29EC-608CB8DE3960, blocking=false, nbTasks=1, nbResults=0, jobSLA=org.jppf.node.protocol.JPPFJobSLA@2a73963b]
2016-07-23 12:19:05,985 [DEBUG][apper-driver1-6-0001][org.jppf.client.balancer.ChannelWrapperRemote.run(225)]: received 1 tasks from server, first position=0
2016-07-23 12:19:05,985 [DEBUG][apper-driver1-6-0001][org.jppf.client.balancer.ChannelWrapperRemote.run(251)]: finally: channelClosed=false, resetting=false
2016-07-23 12:19:05,988 [DEBUG][apper-driver1-6-0001][org.jppf.client.balancer.ChannelWrapperRemote.run(207)]: ChannelWrapperRemote[channel=driver1-6[localhost:11111] : EXECUTING] executing 1 tasks of job JPPFJob[name=Job 19 - batch 2 (18/20), uuid=8554D43C-AB3B-8932-5DFE-083FD5C79F0C, blocking=false, nbTasks=1, nbResults=0, jobSLA=org.jppf.node.protocol.JPPFJobSLA@d399e0f]
2016-07-23 12:19:05,994 [DEBUG][apper-driver1-9-0001][org.jppf.client.balancer.ChannelWrapperRemote.run(225)]: received 1 tasks from server, first position=0
2016-07-23 12:19:05,994 [DEBUG][apper-driver1-9-0001][org.jppf.client.balancer.ChannelWrapperRemote.run(251)]: finally: channelClosed=false, resetting=false
2016-07-23 12:19:05,996 [DEBUG][apper-driver1-9-0001][org.jppf.client.balancer.ChannelWrapperRemote.run(207)]: ChannelWrapperRemote[channel=driver1-9[localhost:11111] : EXECUTING] executing 1 tasks of job JPPFJob[name=Job 20 - batch 2 (19/20), uuid=E9BA695B-87CD-BA5C-EE77-E28AA7C56B31, blocking=false, nbTasks=1, nbResults=0, jobSLA=org.jppf.node.protocol.JPPFJobSLA@18d35e27]
2016-07-23 12:19:06,006 [DEBUG][apper-driver1-7-0001][org.jppf.client.balancer.ChannelWrapperRemote.run(225)]: received 1 tasks from server, first position=0
2016-07-23 12:19:06,006 [DEBUG][apper-driver1-7-0001][org.jppf.client.balancer.ChannelWrapperRemote.run(251)]: finally: channelClosed=false, resetting=false
2016-07-23 12:19:06,008 [DEBUG][apper-driver1-7-0001][org.jppf.client.balancer.ChannelWrapperRemote.run(207)]: ChannelWrapperRemote[channel=driver1-7[localhost:11111] : EXECUTING] executing 1 tasks of job JPPFJob[name=Job 21 - batch 2 (20/20), uuid=01E9B53E-BC2F-A2A9-E5EE-C1AAEC184DA6, blocking=false, nbTasks=1, nbResults=0, jobSLA=org.jppf.node.protocol.JPPFJobSLA@68c46ab0]
2016-07-23 12:19:06,794 [DEBUG][apper-driver1-5-0001][org.jppf.client.balancer.ChannelWrapperRemote.run(225)]: received 1 tasks from server, first position=0
2016-07-23 12:19:06,795 [DEBUG][apper-driver1-5-0001][org.jppf.client.balancer.ChannelWrapperRemote.run(251)]: finally: channelClosed=false, resetting=false
2016-07-23 12:19:07,475 [DEBUG][apper-driver1-3-0001][org.jppf.client.balancer.ChannelWrapperRemote.run(225)]: received 1 tasks from server, first position=0
2016-07-23 12:19:07,475 [DEBUG][apper-driver1-3-0001][org.jppf.client.balancer.ChannelWrapperRemote.run(251)]: finally: channelClosed=false, resetting=false
2016-07-23 12:19:07,495 [DEBUG][apper-driver1-2-0001][org.jppf.client.balancer.ChannelWrapperRemote.run(225)]: received 1 tasks from server, first position=0
2016-07-23 12:19:07,495 [DEBUG][apper-driver1-2-0001][org.jppf.client.balancer.ChannelWrapperRemote.run(251)]: finally: channelClosed=false, resetting=false
2016-07-23 12:19:07,503 [DEBUG][apper-driver1-1-0001][org.jppf.client.balancer.ChannelWrapperRemote.run(225)]: received 1 tasks from server, first position=0
2016-07-23 12:19:07,504 [DEBUG][apper-driver1-1-0001][org.jppf.client.balancer.ChannelWrapperRemote.run(251)]: finally: channelClosed=false, resetting=false
2016-07-23 12:19:07,514 [DEBUG][pper-driver1-10-0001][org.jppf.client.balancer.ChannelWrapperRemote.run(225)]: received 1 tasks from server, first position=0
2016-07-23 12:19:07,514 [DEBUG][pper-driver1-10-0001][org.jppf.client.balancer.ChannelWrapperRemote.run(251)]: finally: channelClosed=false, resetting=false
2016-07-23 12:19:08,303 [DEBUG][apper-driver1-4-0001][org.jppf.client.balancer.ChannelWrapperRemote.run(225)]: received 1 tasks from server, first position=0
2016-07-23 12:19:08,304 [DEBUG][apper-driver1-4-0001][org.jppf.client.balancer.ChannelWrapperRemote.run(251)]: finally: channelClosed=false, resetting=false
2016-07-23 12:19:08,985 [DEBUG][apper-driver1-8-0001][org.jppf.client.balancer.ChannelWrapperRemote.run(225)]: received 1 tasks from server, first position=0
2016-07-23 12:19:08,986 [DEBUG][apper-driver1-8-0001][org.jppf.client.balancer.ChannelWrapperRemote.run(251)]: finally: channelClosed=false, resetting=false
2016-07-23 12:19:09,004 [DEBUG][apper-driver1-6-0001][org.jppf.client.balancer.ChannelWrapperRemote.run(225)]: received 1 tasks from server, first position=0
2016-07-23 12:19:09,005 [DEBUG][apper-driver1-6-0001][org.jppf.client.balancer.ChannelWrapperRemote.run(251)]: finally: channelClosed=false, resetting=false
2016-07-23 12:19:09,014 [DEBUG][apper-driver1-9-0001][org.jppf.client.balancer.ChannelWrapperRemote.run(225)]: received 1 tasks from server, first position=0
2016-07-23 12:19:09,014 [DEBUG][apper-driver1-9-0001][org.jppf.client.balancer.ChannelWrapperRemote.run(251)]: finally: channelClosed=false, resetting=false
2016-07-23 12:19:09,022 [DEBUG][apper-driver1-7-0001][org.jppf.client.balancer.ChannelWrapperRemote.run(225)]: received 1 tasks from server, first position=0
2016-07-23 12:19:09,023 [DEBUG][apper-driver1-7-0001][org.jppf.client.balancer.ChannelWrapperRemote.run(251)]: finally: channelClosed=false, resetting=false
2016-07-23 12:19:11,053 [DEBUG][apper-driver1-7-0001][org.jppf.client.balancer.ChannelWrapperRemote.run(207)]: ChannelWrapperRemote[channel=driver1-7[localhost:11111] : EXECUTING] executing 1 tasks of job JPPFJob[name=Job 22 - batch 3 (1/50), uuid=70810EA5-7C78-C684-10EA-DC671D4F34CC, blocking=false, nbTasks=1, nbResults=0, jobSLA=org.jppf.node.protocol.JPPFJobSLA@65e93514]
2016-07-23 12:19:11,054 [DEBUG][apper-driver1-2-0001][org.jppf.client.balancer.ChannelWrapperRemote.run(207)]: ChannelWrapperRemote[channel=driver1-2[localhost:11111] : EXECUTING] executing 1 tasks of job JPPFJob[name=Job 23 - batch 3 (2/50), uuid=CA1DBB50-2EC4-7C40-7C91-3A7FB0E5E658, blocking=false, nbTasks=1, nbResults=0, jobSLA=org.jppf.node.protocol.JPPFJobSLA@247db9bc]
2016-07-23 12:19:11,058 [DEBUG][apper-driver1-5-0001][org.jppf.client.balancer.ChannelWrapperRemote.run(207)]: ChannelWrapperRemote[channel=driver1-5[localhost:11111] : EXECUTING] executing 1 tasks of job JPPFJob[name=Job 24 - batch 3 (3/50), uuid=DA8489EF-2856-B0A5-CF99-99C6D4759BD8, blocking=false, nbTasks=1, nbResults=0, jobSLA=org.jppf.node.protocol.JPPFJobSLA@3f7fe2f8]
2016-07-23 12:19:11,069 [DEBUG][apper-driver1-3-0001][org.jppf.client.balancer.ChannelWrapperRemote.run(207)]: ChannelWrapperRemote[channel=driver1-3[localhost:11111] : EXECUTING] executing 1 tasks of job JPPFJob[name=Job 26 - batch 3 (5/50), uuid=864A0CDD-5D6E-0C7E-2D64-1FD539062561, blocking=false, nbTasks=1, nbResults=0, jobSLA=org.jppf.node.protocol.JPPFJobSLA@777dc5cf]
2016-07-23 12:19:11,073 [DEBUG][apper-driver1-9-0001][org.jppf.client.balancer.ChannelWrapperRemote.run(207)]: ChannelWrapperRemote[channel=driver1-9[localhost:11111] : EXECUTING] executing 1 tasks of job JPPFJob[name=Job 25 - batch 3 (4/50), uuid=E3A56615-3D03-947D-70F3-BB325FACEA73, blocking=false, nbTasks=1, nbResults=0, jobSLA=org.jppf.node.protocol.JPPFJobSLA@21155013]
2016-07-23 12:19:11,079 [DEBUG][apper-driver1-4-0001][org.jppf.client.balancer.ChannelWrapperRemote.run(207)]: ChannelWrapperRemote[channel=driver1-4[localhost:11111] : EXECUTING] executing 1 tasks of job JPPFJob[name=Job 30 - batch 3 (9/50), uuid=D35458C4-5CCC-646E-B931-FDF5B48C2C4A, blocking=false, nbTasks=1, nbResults=0, jobSLA=org.jppf.node.protocol.JPPFJobSLA@697f6f8e]
2016-07-23 12:19:11,087 [DEBUG][apper-driver1-8-0001][org.jppf.client.balancer.ChannelWrapperRemote.run(207)]: ChannelWrapperRemote[channel=driver1-8[localhost:11111] : EXECUTING] executing 1 tasks of job JPPFJob[name=Job 28 - batch 3 (7/50), uuid=B96919E2-DC86-97D5-25F5-0D62750DA145, blocking=false, nbTasks=1, nbResults=0, jobSLA=org.jppf.node.protocol.JPPFJobSLA@566274e0]
2016-07-23 12:19:11,088 [DEBUG][apper-driver1-1-0001][org.jppf.client.balancer.ChannelWrapperRemote.run(207)]: ChannelWrapperRemote[channel=driver1-1[localhost:11111] : EXECUTING] executing 1 tasks of job JPPFJob[name=Job 31 - batch 3 (10/50), uuid=A63A6902-35B6-5F83-356A-F24861C778C9, blocking=false, nbTasks=1, nbResults=0, jobSLA=org.jppf.node.protocol.JPPFJobSLA@5fc7a9de]
2016-07-23 12:19:11,091 [DEBUG][apper-driver1-6-0001][org.jppf.client.balancer.ChannelWrapperRemote.run(207)]: ChannelWrapperRemote[channel=driver1-6[localhost:11111] : EXECUTING] executing 1 tasks of job JPPFJob[name=Job 27 - batch 3 (6/50), uuid=243936A1-C68A-D7CB-88F2-49BEF968641F, blocking=false, nbTasks=1, nbResults=0, jobSLA=org.jppf.node.protocol.JPPFJobSLA@2f1050d]
2016-07-23 12:19:11,091 [DEBUG][pper-driver1-10-0001][org.jppf.client.balancer.ChannelWrapperRemote.run(207)]: ChannelWrapperRemote[channel=driver1-10[localhost:11111] : EXECUTING] executing 1 tasks of job JPPFJob[name=Job 29 - batch 3 (8/50), uuid=E126171B-6C8B-BFB8-B5E1-F24543CC2BB1, blocking=false, nbTasks=1, nbResults=0, jobSLA=org.jppf.node.protocol.JPPFJobSLA@1d8299fd]
2016-07-23 12:19:12,568 [DEBUG][apper-driver1-7-0001][org.jppf.client.balancer.ChannelWrapperRemote.run(225)]: received 1 tasks from server, first position=0
2016-07-23 12:19:12,569 [DEBUG][apper-driver1-7-0001][org.jppf.client.balancer.ChannelWrapperRemote.run(251)]: finally: channelClosed=false, resetting=false
2016-07-23 12:19:12,571 [DEBUG][apper-driver1-7-0001][org.jppf.client.balancer.ChannelWrapperRemote.run(207)]: ChannelWrapperRemote[channel=driver1-7[localhost:11111] : EXECUTING] executing 1 tasks of job JPPFJob[name=Job 32 - batch 3 (11/50), uuid=906EF6CA-5BD9-449C-D1A9-169041CA70D5, blocking=false, nbTasks=1, nbResults=0, jobSLA=org.jppf.node.protocol.JPPFJobSLA@46157e43]
2016-07-23 12:19:12,579 [DEBUG][apper-driver1-2-0001][org.jppf.client.balancer.ChannelWrapperRemote.run(225)]: received 1 tasks from server, first position=0
2016-07-23 12:19:12,580 [DEBUG][apper-driver1-2-0001][org.jppf.client.balancer.ChannelWrapperRemote.run(251)]: finally: channelClosed=false, resetting=false
2016-07-23 12:19:12,583 [DEBUG][apper-driver1-2-0001][org.jppf.client.balancer.ChannelWrapperRemote.run(207)]: ChannelWrapperRemote[channel=driver1-2[localhost:11111] : EXECUTING] executing 1 tasks of job JPPFJob[name=Job 33 - batch 3 (12/50), uuid=FCF89CBF-106B-FB96-84E7-C892003D8C7B, blocking=false, nbTasks=1, nbResults=0, jobSLA=org.jppf.node.protocol.JPPFJobSLA@467743d7]
2016-07-23 12:19:12,592 [DEBUG][apper-driver1-3-0001][org.jppf.client.balancer.ChannelWrapperRemote.run(225)]: received 1 tasks from server, first position=0
2016-07-23 12:19:12,592 [DEBUG][apper-driver1-3-0001][org.jppf.client.balancer.ChannelWrapperRemote.run(251)]: finally: channelClosed=false, resetting=false
2016-07-23 12:19:12,594 [DEBUG][apper-driver1-3-0001][org.jppf.client.balancer.ChannelWrapperRemote.run(207)]: ChannelWrapperRemote[channel=driver1-3[localhost:11111] : EXECUTING] executing 1 tasks of job JPPFJob[name=Job 34 - batch 3 (13/50), uuid=EA7B8116-7AEB-760D-394B-841834B182F1, blocking=false, nbTasks=1, nbResults=0, jobSLA=org.jppf.node.protocol.JPPFJobSLA@63388a78]
2016-07-23 12:19:12,597 [DEBUG][apper-driver1-9-0001][org.jppf.client.balancer.ChannelWrapperRemote.run(225)]: received 1 tasks from server, first position=0
2016-07-23 12:19:12,597 [DEBUG][apper-driver1-5-0001][org.jppf.client.balancer.ChannelWrapperRemote.run(225)]: received 1 tasks from server, first position=0
2016-07-23 12:19:12,598 [DEBUG][apper-driver1-9-0001][org.jppf.client.balancer.ChannelWrapperRemote.run(251)]: finally: channelClosed=false, resetting=false
2016-07-23 12:19:12,598 [DEBUG][apper-driver1-5-0001][org.jppf.client.balancer.ChannelWrapperRemote.run(251)]: finally: channelClosed=false, resetting=false
2016-07-23 12:19:12,601 [DEBUG][apper-driver1-9-0001][org.jppf.client.balancer.ChannelWrapperRemote.run(207)]: ChannelWrapperRemote[channel=driver1-9[localhost:11111] : EXECUTING] executing 1 tasks of job JPPFJob[name=Job 35 - batch 3 (14/50), uuid=5DC9DED1-ABA4-CAB7-DDFE-8869F08A98ED, blocking=false, nbTasks=1, nbResults=0, jobSLA=org.jppf.node.protocol.JPPFJobSLA@14e6c70]
2016-07-23 12:19:12,601 [DEBUG][apper-driver1-5-0001][org.jppf.client.balancer.ChannelWrapperRemote.run(207)]: ChannelWrapperRemote[channel=driver1-5[localhost:11111] : EXECUTING] executing 1 tasks of job JPPFJob[name=Job 36 - batch 3 (15/50), uuid=5E8F0C9E-49A7-56FB-835A-7327D1249129, blocking=false, nbTasks=1, nbResults=0, jobSLA=org.jppf.node.protocol.JPPFJobSLA@5161dc26]
2016-07-23 12:19:13,303 [DEBUG][apper-driver1-4-0001][org.jppf.client.balancer.ChannelWrapperRemote.run(225)]: received 1 tasks from server, first position=0
2016-07-23 12:19:13,304 [DEBUG][apper-driver1-4-0001][org.jppf.client.balancer.ChannelWrapperRemote.run(251)]: finally: channelClosed=false, resetting=false
2016-07-23 12:19:13,306 [DEBUG][apper-driver1-4-0001][org.jppf.client.balancer.ChannelWrapperRemote.run(207)]: ChannelWrapperRemote[channel=driver1-4[localhost:11111] : EXECUTING] executing 1 tasks of job JPPFJob[name=Job 37 - batch 3 (16/50), uuid=D91CA91C-DD5B-6DA6-2DC2-544F4C4DC406, blocking=false, nbTasks=1, nbResults=0, jobSLA=org.jppf.node.protocol.JPPFJobSLA@51580d5e]
2016-07-23 12:19:13,370 [DEBUG][apper-driver1-8-0001][org.jppf.client.balancer.ChannelWrapperRemote.run(225)]: received 1 tasks from server, first position=0
2016-07-23 12:19:13,370 [DEBUG][apper-driver1-8-0001][org.jppf.client.balancer.ChannelWrapperRemote.run(251)]: finally: channelClosed=false, resetting=false
2016-07-23 12:19:13,371 [DEBUG][apper-driver1-8-0001][org.jppf.client.balancer.ChannelWrapperRemote.run(207)]: ChannelWrapperRemote[channel=driver1-8[localhost:11111] : EXECUTING] executing 1 tasks of job JPPFJob[name=Job 38 - batch 3 (17/50), uuid=533C08A8-0961-73F4-24E9-E1BACCC41707, blocking=false, nbTasks=1, nbResults=0, jobSLA=org.jppf.node.protocol.JPPFJobSLA@2c481df6]
2016-07-23 12:19:13,383 [DEBUG][apper-driver1-1-0001][org.jppf.client.balancer.ChannelWrapperRemote.run(225)]: received 1 tasks from server, first position=0
2016-07-23 12:19:13,384 [DEBUG][apper-driver1-1-0001][org.jppf.client.balancer.ChannelWrapperRemote.run(251)]: finally: channelClosed=false, resetting=false
2016-07-23 12:19:13,384 [DEBUG][apper-driver1-1-0001][org.jppf.client.balancer.ChannelWrapperRemote.run(207)]: ChannelWrapperRemote[channel=driver1-1[localhost:11111] : EXECUTING] executing 1 tasks of job JPPFJob[name=Job 39 - batch 3 (18/50), uuid=3AAABD66-D46B-D7CE-5541-D2BB2C2A3D77, blocking=false, nbTasks=1, nbResults=0, jobSLA=org.jppf.node.protocol.JPPFJobSLA@699eb5f6]
2016-07-23 12:19:13,389 [DEBUG][pper-driver1-10-0001][org.jppf.client.balancer.ChannelWrapperRemote.run(225)]: received 1 tasks from server, first position=0
2016-07-23 12:19:13,389 [DEBUG][pper-driver1-10-0001][org.jppf.client.balancer.ChannelWrapperRemote.run(251)]: finally: channelClosed=false, resetting=false
2016-07-23 12:19:13,390 [DEBUG][pper-driver1-10-0001][org.jppf.client.balancer.ChannelWrapperRemote.run(207)]: ChannelWrapperRemote[channel=driver1-10[localhost:11111] : EXECUTING] executing 1 tasks of job JPPFJob[name=Job 40 - batch 3 (19/50), uuid=82DA5413-C391-CFD0-4805-B72829915E2B, blocking=false, nbTasks=1, nbResults=0, jobSLA=org.jppf.node.protocol.JPPFJobSLA@f7a2eab]
2016-07-23 12:19:13,410 [DEBUG][apper-driver1-6-0001][org.jppf.client.balancer.ChannelWrapperRemote.run(225)]: received 1 tasks from server, first position=0
2016-07-23 12:19:13,410 [DEBUG][apper-driver1-6-0001][org.jppf.client.balancer.ChannelWrapperRemote.run(251)]: finally: channelClosed=false, resetting=false
2016-07-23 12:19:13,410 [DEBUG][apper-driver1-6-0001][org.jppf.client.balancer.ChannelWrapperRemote.run(207)]: ChannelWrapperRemote[channel=driver1-6[localhost:11111] : EXECUTING] executing 1 tasks of job JPPFJob[name=Job 41 - batch 3 (20/50), uuid=730AA849-DD91-9F8F-C87E-607516E91DE6, blocking=false, nbTasks=1, nbResults=0, jobSLA=org.jppf.node.protocol.JPPFJobSLA@79b8202e]
2016-07-23 12:19:14,088 [DEBUG][apper-driver1-7-0001][org.jppf.client.balancer.ChannelWrapperRemote.run(225)]: received 1 tasks from server, first position=0
2016-07-23 12:19:14,089 [DEBUG][apper-driver1-7-0001][org.jppf.client.balancer.ChannelWrapperRemote.run(251)]: finally: channelClosed=false, resetting=false
2016-07-23 12:19:14,091 [DEBUG][apper-driver1-7-0001][org.jppf.client.balancer.ChannelWrapperRemote.run(207)]: ChannelWrapperRemote[channel=driver1-7[localhost:11111] : EXECUTING] executing 1 tasks of job JPPFJob[name=Job 42 - batch 3 (21/50), uuid=B9DF183B-28C1-286E-F8EC-23FE55A2DFEE, blocking=false, nbTasks=1, nbResults=0, jobSLA=org.jppf.node.protocol.JPPFJobSLA@65eb6cf5]
2016-07-23 12:19:14,096 [DEBUG][apper-driver1-2-0001][org.jppf.client.balancer.ChannelWrapperRemote.run(225)]: received 1 tasks from server, first position=0
2016-07-23 12:19:14,097 [DEBUG][apper-driver1-2-0001][org.jppf.client.balancer.ChannelWrapperRemote.run(251)]: finally: channelClosed=false, resetting=false
2016-07-23 12:19:14,099 [DEBUG][apper-driver1-2-0001][org.jppf.client.balancer.ChannelWrapperRemote.run(207)]: ChannelWrapperRemote[channel=driver1-2[localhost:11111] : EXECUTING] executing 1 tasks of job JPPFJob[name=Job 43 - batch 3 (22/50), uuid=5295D10B-CB0C-EB3D-5DBD-1DF73B425F7C, blocking=false, nbTasks=1, nbResults=0, jobSLA=org.jppf.node.protocol.JPPFJobSLA@7a0a2cdd]
2016-07-23 12:19:14,108 [DEBUG][apper-driver1-3-0001][org.jppf.client.balancer.ChannelWrapperRemote.run(225)]: received 1 tasks from server, first position=0
2016-07-23 12:19:14,109 [DEBUG][apper-driver1-3-0001][org.jppf.client.balancer.ChannelWrapperRemote.run(251)]: finally: channelClosed=false, resetting=false
2016-07-23 12:19:14,111 [DEBUG][apper-driver1-3-0001][org.jppf.client.balancer.ChannelWrapperRemote.run(207)]: ChannelWrapperRemote[channel=driver1-3[localhost:11111] : EXECUTING] executing 1 tasks of job JPPFJob[name=Job 44 - batch 3 (23/50), uuid=ADDDB438-9459-B2D5-87B3-F27F900B34E1, blocking=false, nbTasks=1, nbResults=0, jobSLA=org.jppf.node.protocol.JPPFJobSLA@668b764]
2016-07-23 12:19:14,116 [DEBUG][apper-driver1-9-0001][org.jppf.client.balancer.ChannelWrapperRemote.run(225)]: received 1 tasks from server, first position=0
2016-07-23 12:19:14,116 [DEBUG][apper-driver1-9-0001][org.jppf.client.balancer.ChannelWrapperRemote.run(251)]: finally: channelClosed=false, resetting=false
2016-07-23 12:19:14,117 [DEBUG][apper-driver1-5-0001][org.jppf.client.balancer.ChannelWrapperRemote.run(225)]: received 1 tasks from server, first position=0
2016-07-23 12:19:14,117 [DEBUG][apper-driver1-5-0001][org.jppf.client.balancer.ChannelWrapperRemote.run(251)]: finally: channelClosed=false, resetting=false
2016-07-23 12:19:14,119 [DEBUG][apper-driver1-9-0001][org.jppf.client.balancer.ChannelWrapperRemote.run(207)]: ChannelWrapperRemote[channel=driver1-9[localhost:11111] : EXECUTING] executing 1 tasks of job JPPFJob[name=Job 46 - batch 3 (25/50), uuid=4BA11D0B-E036-3B20-7BB1-9F59C8DF67E1, blocking=false, nbTasks=1, nbResults=0, jobSLA=org.jppf.node.protocol.JPPFJobSLA@6d277295]
2016-07-23 12:19:14,119 [DEBUG][apper-driver1-5-0001][org.jppf.client.balancer.ChannelWrapperRemote.run(207)]: ChannelWrapperRemote[channel=driver1-5[localhost:11111] : EXECUTING] executing 1 tasks of job JPPFJob[name=Job 45 - batch 3 (24/50), uuid=64AF39FB-AF47-BD37-8FE3-0857BFD49FD3, blocking=false, nbTasks=1, nbResults=0, jobSLA=org.jppf.node.protocol.JPPFJobSLA@59023ece]
2016-07-23 12:19:14,818 [DEBUG][apper-driver1-4-0001][org.jppf.client.balancer.ChannelWrapperRemote.run(225)]: received 1 tasks from server, first position=0
2016-07-23 12:19:14,818 [DEBUG][apper-driver1-4-0001][org.jppf.client.balancer.ChannelWrapperRemote.run(251)]: finally: channelClosed=false, resetting=false
2016-07-23 12:19:14,819 [DEBUG][apper-driver1-4-0001][org.jppf.client.balancer.ChannelWrapperRemote.run(207)]: ChannelWrapperRemote[channel=driver1-4[localhost:11111] : EXECUTING] executing 1 tasks of job JPPFJob[name=Job 47 - batch 3 (26/50), uuid=FC959687-C53B-AB44-493E-2E80CBDBCAE8, blocking=false, nbTasks=1, nbResults=0, jobSLA=org.jppf.node.protocol.JPPFJobSLA@19fc0d6c]
2016-07-23 12:19:14,883 [DEBUG][apper-driver1-8-0001][org.jppf.client.balancer.ChannelWrapperRemote.run(225)]: received 1 tasks from server, first position=0
2016-07-23 12:19:14,884 [DEBUG][apper-driver1-8-0001][org.jppf.client.balancer.ChannelWrapperRemote.run(251)]: finally: channelClosed=false, resetting=false
2016-07-23 12:19:14,886 [DEBUG][apper-driver1-8-0001][org.jppf.client.balancer.ChannelWrapperRemote.run(207)]: ChannelWrapperRemote[channel=driver1-8[localhost:11111] : EXECUTING] executing 1 tasks of job JPPFJob[name=Job 48 - batch 3 (27/50), uuid=D3F45F39-659C-1FB9-F695-1A4A73A21EDB, blocking=false, nbTasks=1, nbResults=0, jobSLA=org.jppf.node.protocol.JPPFJobSLA@55c9024e]
2016-07-23 12:19:14,909 [DEBUG][apper-driver1-1-0001][org.jppf.client.balancer.ChannelWrapperRemote.run(225)]: received 1 tasks from server, first position=0
2016-07-23 12:19:14,910 [DEBUG][apper-driver1-1-0001][org.jppf.client.balancer.ChannelWrapperRemote.run(251)]: finally: channelClosed=false, resetting=false
2016-07-23 12:19:14,913 [DEBUG][pper-driver1-10-0001][org.jppf.client.balancer.ChannelWrapperRemote.run(225)]: received 1 tasks from server, first position=0
2016-07-23 12:19:14,913 [DEBUG][apper-driver1-1-0001][org.jppf.client.balancer.ChannelWrapperRemote.run(207)]: ChannelWrapperRemote[channel=driver1-1[localhost:11111] : EXECUTING] executing 1 tasks of job JPPFJob[name=Job 49 - batch 3 (28/50), uuid=E7AC922A-4F05-9725-5188-D2C61AE6418E, blocking=false, nbTasks=1, nbResults=0, jobSLA=org.jppf.node.protocol.JPPFJobSLA@4d16e8e6]
2016-07-23 12:19:14,913 [DEBUG][pper-driver1-10-0001][org.jppf.client.balancer.ChannelWrapperRemote.run(251)]: finally: channelClosed=false, resetting=false
2016-07-23 12:19:14,917 [DEBUG][pper-driver1-10-0001][org.jppf.client.balancer.ChannelWrapperRemote.run(207)]: ChannelWrapperRemote[channel=driver1-10[localhost:11111] : EXECUTING] executing 1 tasks of job JPPFJob[name=Job 50 - batch 3 (29/50), uuid=27E66F54-74E6-0410-7202-B2AB5E0DAACC, blocking=false, nbTasks=1, nbResults=0, jobSLA=org.jppf.node.protocol.JPPFJobSLA@67dd2285]
2016-07-23 12:19:14,928 [DEBUG][apper-driver1-6-0001][org.jppf.client.balancer.ChannelWrapperRemote.run(225)]: received 1 tasks from server, first position=0
2016-07-23 12:19:14,929 [DEBUG][apper-driver1-6-0001][org.jppf.client.balancer.ChannelWrapperRemote.run(251)]: finally: channelClosed=false, resetting=false
2016-07-23 12:19:14,931 [DEBUG][apper-driver1-6-0001][org.jppf.client.balancer.ChannelWrapperRemote.run(207)]: ChannelWrapperRemote[channel=driver1-6[localhost:11111] : EXECUTING] executing 1 tasks of job JPPFJob[name=Job 51 - batch 3 (30/50), uuid=3AF3A0D8-5336-2E38-B18B-D6245E991D5B, blocking=false, nbTasks=1, nbResults=0, jobSLA=org.jppf.node.protocol.JPPFJobSLA@61b4607f]
2016-07-23 12:19:15,608 [DEBUG][apper-driver1-7-0001][org.jppf.client.balancer.ChannelWrapperRemote.run(225)]: received 1 tasks from server, first position=0
2016-07-23 12:19:15,609 [DEBUG][apper-driver1-7-0001][org.jppf.client.balancer.ChannelWrapperRemote.run(251)]: finally: channelClosed=false, resetting=false
2016-07-23 12:19:15,611 [DEBUG][apper-driver1-7-0001][org.jppf.client.balancer.ChannelWrapperRemote.run(207)]: ChannelWrapperRemote[channel=driver1-7[localhost:11111] : EXECUTING] executing 1 tasks of job JPPFJob[name=Job 52 - batch 3 (31/50), uuid=70079D0C-B4CC-CDC9-E2B0-CE473FB53547, blocking=false, nbTasks=1, nbResults=0, jobSLA=org.jppf.node.protocol.JPPFJobSLA@4ceda5b]
2016-07-23 12:19:15,616 [DEBUG][apper-driver1-2-0001][org.jppf.client.balancer.ChannelWrapperRemote.run(225)]: received 1 tasks from server, first position=0
2016-07-23 12:19:15,616 [DEBUG][apper-driver1-2-0001][org.jppf.client.balancer.ChannelWrapperRemote.run(251)]: finally: channelClosed=false, resetting=false
2016-07-23 12:19:15,617 [DEBUG][apper-driver1-2-0001][org.jppf.client.balancer.ChannelWrapperRemote.run(207)]: ChannelWrapperRemote[channel=driver1-2[localhost:11111] : EXECUTING] executing 1 tasks of job JPPFJob[name=Job 53 - batch 3 (32/50), uuid=F816F104-D26B-352D-668D-ECE45E5D4946, blocking=false, nbTasks=1, nbResults=0, jobSLA=org.jppf.node.protocol.JPPFJobSLA@6efdebd]
2016-07-23 12:19:15,623 [DEBUG][apper-driver1-3-0001][org.jppf.client.balancer.ChannelWrapperRemote.run(225)]: received 1 tasks from server, first position=0
2016-07-23 12:19:15,624 [DEBUG][apper-driver1-3-0001][org.jppf.client.balancer.ChannelWrapperRemote.run(251)]: finally: channelClosed=false, resetting=false
2016-07-23 12:19:15,625 [DEBUG][apper-driver1-3-0001][org.jppf.client.balancer.ChannelWrapperRemote.run(207)]: ChannelWrapperRemote[channel=driver1-3[localhost:11111] : EXECUTING] executing 1 tasks of job JPPFJob[name=Job 54 - batch 3 (33/50), uuid=F52C5EC0-F4ED-B28D-1EAA-5F3B37ACA283, blocking=false, nbTasks=1, nbResults=0, jobSLA=org.jppf.node.protocol.JPPFJobSLA@2285af04]
2016-07-23 12:19:15,628 [DEBUG][apper-driver1-9-0001][org.jppf.client.balancer.ChannelWrapperRemote.run(225)]: received 1 tasks from server, first position=0
2016-07-23 12:19:15,628 [DEBUG][apper-driver1-5-0001][org.jppf.client.balancer.ChannelWrapperRemote.run(225)]: received 1 tasks from server, first position=0
2016-07-23 12:19:15,629 [DEBUG][apper-driver1-9-0001][org.jppf.client.balancer.ChannelWrapperRemote.run(251)]: finally: channelClosed=false, resetting=false
2016-07-23 12:19:15,629 [DEBUG][apper-driver1-5-0001][org.jppf.client.balancer.ChannelWrapperRemote.run(251)]: finally: channelClosed=false, resetting=false
2016-07-23 12:19:15,632 [DEBUG][apper-driver1-5-0001][org.jppf.client.balancer.ChannelWrapperRemote.run(207)]: ChannelWrapperRemote[channel=driver1-5[localhost:11111] : EXECUTING] executing 1 tasks of job JPPFJob[name=Job 55 - batch 3 (34/50), uuid=FAF42131-3099-760F-DDED-53E4698748AE, blocking=false, nbTasks=1, nbResults=0, jobSLA=org.jppf.node.protocol.JPPFJobSLA@502775a1]
2016-07-23 12:19:15,632 [DEBUG][apper-driver1-9-0001][org.jppf.client.balancer.ChannelWrapperRemote.run(207)]: ChannelWrapperRemote[channel=driver1-9[localhost:11111] : EXECUTING] executing 1 tasks of job JPPFJob[name=Job 56 - batch 3 (35/50), uuid=939EB1E2-E218-A2FF-CF7F-2291A87EF654, blocking=false, nbTasks=1, nbResults=0, jobSLA=org.jppf.node.protocol.JPPFJobSLA@54ed4c26]
2016-07-23 12:19:16,329 [DEBUG][apper-driver1-4-0001][org.jppf.client.balancer.ChannelWrapperRemote.run(225)]: received 1 tasks from server, first position=0
2016-07-23 12:19:16,330 [DEBUG][apper-driver1-4-0001][org.jppf.client.balancer.ChannelWrapperRemote.run(251)]: finally: channelClosed=false, resetting=false
2016-07-23 12:19:16,332 [DEBUG][apper-driver1-4-0001][org.jppf.client.balancer.ChannelWrapperRemote.run(207)]: ChannelWrapperRemote[channel=driver1-4[localhost:11111] : EXECUTING] executing 1 tasks of job JPPFJob[name=Job 57 - batch 3 (36/50), uuid=D2C191AF-9192-42DD-3E04-A36DDC6DC1E8, blocking=false, nbTasks=1, nbResults=0, jobSLA=org.jppf.node.protocol.JPPFJobSLA@89ee909]
2016-07-23 12:19:16,397 [DEBUG][apper-driver1-8-0001][org.jppf.client.balancer.ChannelWrapperRemote.run(225)]: received 1 tasks from server, first position=0
2016-07-23 12:19:16,398 [DEBUG][apper-driver1-8-0001][org.jppf.client.balancer.ChannelWrapperRemote.run(251)]: finally: channelClosed=false, resetting=false
2016-07-23 12:19:16,398 [DEBUG][apper-driver1-8-0001][org.jppf.client.balancer.ChannelWrapperRemote.run(207)]: ChannelWrapperRemote[channel=driver1-8[localhost:11111] : EXECUTING] executing 1 tasks of job JPPFJob[name=Job 58 - batch 3 (37/50), uuid=758666B2-9546-4109-BBF9-CB17BCE67E7A, blocking=false, nbTasks=1, nbResults=0, jobSLA=org.jppf.node.protocol.JPPFJobSLA@50a5bfd5]
2016-07-23 12:19:16,428 [DEBUG][apper-driver1-1-0001][org.jppf.client.balancer.ChannelWrapperRemote.run(225)]: received 1 tasks from server, first position=0
2016-07-23 12:19:16,429 [DEBUG][pper-driver1-10-0001][org.jppf.client.balancer.ChannelWrapperRemote.run(225)]: received 1 tasks from server, first position=0
2016-07-23 12:19:16,429 [DEBUG][apper-driver1-1-0001][org.jppf.client.balancer.ChannelWrapperRemote.run(251)]: finally: channelClosed=false, resetting=false
2016-07-23 12:19:16,429 [DEBUG][pper-driver1-10-0001][org.jppf.client.balancer.ChannelWrapperRemote.run(251)]: finally: channelClosed=false, resetting=false
2016-07-23 12:19:16,429 [DEBUG][apper-driver1-1-0001][org.jppf.client.balancer.ChannelWrapperRemote.run(207)]: ChannelWrapperRemote[channel=driver1-1[localhost:11111] : EXECUTING] executing 1 tasks of job JPPFJob[name=Job 59 - batch 3 (38/50), uuid=94EDA047-8634-2524-AB8C-BBBCD027D0E9, blocking=false, nbTasks=1, nbResults=0, jobSLA=org.jppf.node.protocol.JPPFJobSLA@4fa0b0f5]
2016-07-23 12:19:16,430 [DEBUG][pper-driver1-10-0001][org.jppf.client.balancer.ChannelWrapperRemote.run(207)]: ChannelWrapperRemote[channel=driver1-10[localhost:11111] : EXECUTING] executing 1 tasks of job JPPFJob[name=Job 60 - batch 3 (39/50), uuid=5AF32A90-8024-B010-1609-2C012AA66505, blocking=false, nbTasks=1, nbResults=0, jobSLA=org.jppf.node.protocol.JPPFJobSLA@116863a9]
2016-07-23 12:19:16,438 [DEBUG][apper-driver1-6-0001][org.jppf.client.balancer.ChannelWrapperRemote.run(225)]: received 1 tasks from server, first position=0
2016-07-23 12:19:16,438 [DEBUG][apper-driver1-6-0001][org.jppf.client.balancer.ChannelWrapperRemote.run(251)]: finally: channelClosed=false, resetting=false
2016-07-23 12:19:16,439 [DEBUG][apper-driver1-6-0001][org.jppf.client.balancer.ChannelWrapperRemote.run(207)]: ChannelWrapperRemote[channel=driver1-6[localhost:11111] : EXECUTING] executing 1 tasks of job JPPFJob[name=Job 61 - batch 3 (40/50), uuid=2DC57950-212F-BD53-3D69-84EF5E511471, blocking=false, nbTasks=1, nbResults=0, jobSLA=org.jppf.node.protocol.JPPFJobSLA@15475116]
2016-07-23 12:19:17,125 [DEBUG][apper-driver1-7-0001][org.jppf.client.balancer.ChannelWrapperRemote.run(225)]: received 1 tasks from server, first position=0
2016-07-23 12:19:17,126 [DEBUG][apper-driver1-7-0001][org.jppf.client.balancer.ChannelWrapperRemote.run(251)]: finally: channelClosed=false, resetting=false
2016-07-23 12:19:17,128 [DEBUG][apper-driver1-7-0001][org.jppf.client.balancer.ChannelWrapperRemote.run(207)]: ChannelWrapperRemote[channel=driver1-7[localhost:11111] : EXECUTING] executing 1 tasks of job JPPFJob[name=Job 62 - batch 3 (41/50), uuid=7F881F9D-F6B9-85B0-3FD2-3EE9294048DC, blocking=false, nbTasks=1, nbResults=0, jobSLA=org.jppf.node.protocol.JPPFJobSLA@37e67d34]
2016-07-23 12:19:17,132 [DEBUG][apper-driver1-2-0001][org.jppf.client.balancer.ChannelWrapperRemote.run(225)]: received 1 tasks from server, first position=0
2016-07-23 12:19:17,132 [DEBUG][apper-driver1-2-0001][org.jppf.client.balancer.ChannelWrapperRemote.run(251)]: finally: channelClosed=false, resetting=false
2016-07-23 12:19:17,134 [DEBUG][apper-driver1-2-0001][org.jppf.client.balancer.ChannelWrapperRemote.run(207)]: ChannelWrapperRemote[channel=driver1-2[localhost:11111] : EXECUTING] executing 1 tasks of job JPPFJob[name=Job 63 - batch 3 (42/50), uuid=9EF65226-FB2A-259C-0CF0-4851BD0CDCA5, blocking=false, nbTasks=1, nbResults=0, jobSLA=org.jppf.node.protocol.JPPFJobSLA@1683d070]
2016-07-23 12:19:17,143 [DEBUG][apper-driver1-3-0001][org.jppf.client.balancer.ChannelWrapperRemote.run(225)]: received 1 tasks from server, first position=0
2016-07-23 12:19:17,144 [DEBUG][apper-driver1-3-0001][org.jppf.client.balancer.ChannelWrapperRemote.run(251)]: finally: channelClosed=false, resetting=false
2016-07-23 12:19:17,147 [DEBUG][apper-driver1-3-0001][org.jppf.client.balancer.ChannelWrapperRemote.run(207)]: ChannelWrapperRemote[channel=driver1-3[localhost:11111] : EXECUTING] executing 1 tasks of job JPPFJob[name=Job 64 - batch 3 (43/50), uuid=3B794E95-1E1D-BFE8-1082-66C796C589C3, blocking=false, nbTasks=1, nbResults=0, jobSLA=org.jppf.node.protocol.JPPFJobSLA@36fb0243]
2016-07-23 12:19:17,148 [DEBUG][apper-driver1-5-0001][org.jppf.client.balancer.ChannelWrapperRemote.run(225)]: received 1 tasks from server, first position=0
2016-07-23 12:19:17,148 [DEBUG][apper-driver1-5-0001][org.jppf.client.balancer.ChannelWrapperRemote.run(251)]: finally: channelClosed=false, resetting=false
2016-07-23 12:19:17,150 [DEBUG][apper-driver1-5-0001][org.jppf.client.balancer.ChannelWrapperRemote.run(207)]: ChannelWrapperRemote[channel=driver1-5[localhost:11111] : EXECUTING] executing 1 tasks of job JPPFJob[name=Job 65 - batch 3 (44/50), uuid=352760EB-9C10-3AD3-1D55-C5525C68E835, blocking=false, nbTasks=1, nbResults=0, jobSLA=org.jppf.node.protocol.JPPFJobSLA@25c192b5]
2016-07-23 12:19:17,150 [DEBUG][apper-driver1-9-0001][org.jppf.client.balancer.ChannelWrapperRemote.run(225)]: received 1 tasks from server, first position=0
2016-07-23 12:19:17,150 [DEBUG][apper-driver1-9-0001][org.jppf.client.balancer.ChannelWrapperRemote.run(251)]: finally: channelClosed=false, resetting=false
2016-07-23 12:19:17,151 [DEBUG][apper-driver1-9-0001][org.jppf.client.balancer.ChannelWrapperRemote.run(207)]: ChannelWrapperRemote[channel=driver1-9[localhost:11111] : EXECUTING] executing 1 tasks of job JPPFJob[name=Job 66 - batch 3 (45/50), uuid=F226F8A1-5DF6-F9E3-7083-7F94A53FC4C6, blocking=false, nbTasks=1, nbResults=0, jobSLA=org.jppf.node.protocol.JPPFJobSLA@7497e90e]
2016-07-23 12:19:17,850 [DEBUG][apper-driver1-4-0001][org.jppf.client.balancer.ChannelWrapperRemote.run(225)]: received 1 tasks from server, first position=0
2016-07-23 12:19:17,851 [DEBUG][apper-driver1-4-0001][org.jppf.client.balancer.ChannelWrapperRemote.run(251)]: finally: channelClosed=false, resetting=false
2016-07-23 12:19:17,853 [DEBUG][apper-driver1-4-0001][org.jppf.client.balancer.ChannelWrapperRemote.run(207)]: ChannelWrapperRemote[channel=driver1-4[localhost:11111] : EXECUTING] executing 1 tasks of job JPPFJob[name=Job 67 - batch 3 (46/50), uuid=C85C3935-7CAE-DC55-99BA-581FF7B30DBF, blocking=false, nbTasks=1, nbResults=0, jobSLA=org.jppf.node.protocol.JPPFJobSLA@1776323e]
2016-07-23 12:19:17,904 [DEBUG][apper-driver1-8-0001][org.jppf.client.balancer.ChannelWrapperRemote.run(225)]: received 1 tasks from server, first position=0
2016-07-23 12:19:17,905 [DEBUG][apper-driver1-8-0001][org.jppf.client.balancer.ChannelWrapperRemote.run(251)]: finally: channelClosed=false, resetting=false
2016-07-23 12:19:17,914 [DEBUG][apper-driver1-8-0001][org.jppf.client.balancer.ChannelWrapperRemote.run(207)]: ChannelWrapperRemote[channel=driver1-8[localhost:11111] : EXECUTING] executing 1 tasks of job JPPFJob[name=Job 68 - batch 3 (47/50), uuid=C0BE939D-4330-2BB3-B763-1463AA50D99B, blocking=false, nbTasks=1, nbResults=0, jobSLA=org.jppf.node.protocol.JPPFJobSLA@1313c837]
2016-07-23 12:19:17,935 [DEBUG][apper-driver1-1-0001][org.jppf.client.balancer.ChannelWrapperRemote.run(225)]: received 1 tasks from server, first position=0
2016-07-23 12:19:17,935 [DEBUG][pper-driver1-10-0001][org.jppf.client.balancer.ChannelWrapperRemote.run(225)]: received 1 tasks from server, first position=0
2016-07-23 12:19:17,935 [DEBUG][apper-driver1-1-0001][org.jppf.client.balancer.ChannelWrapperRemote.run(251)]: finally: channelClosed=false, resetting=false
2016-07-23 12:19:17,935 [DEBUG][pper-driver1-10-0001][org.jppf.client.balancer.ChannelWrapperRemote.run(251)]: finally: channelClosed=false, resetting=false
2016-07-23 12:19:17,936 [DEBUG][apper-driver1-1-0001][org.jppf.client.balancer.ChannelWrapperRemote.run(207)]: ChannelWrapperRemote[channel=driver1-1[localhost:11111] : EXECUTING] executing 1 tasks of job JPPFJob[name=Job 69 - batch 3 (48/50), uuid=55D378AF-5F0E-ECB7-BA2C-26307C44D291, blocking=false, nbTasks=1, nbResults=0, jobSLA=org.jppf.node.protocol.JPPFJobSLA@50c94ac]
2016-07-23 12:19:17,936 [DEBUG][pper-driver1-10-0001][org.jppf.client.balancer.ChannelWrapperRemote.run(207)]: ChannelWrapperRemote[channel=driver1-10[localhost:11111] : EXECUTING] executing 1 tasks of job JPPFJob[name=Job 70 - batch 3 (49/50), uuid=996AC45F-9A75-8160-B9AC-28659D5D1853, blocking=false, nbTasks=1, nbResults=0, jobSLA=org.jppf.node.protocol.JPPFJobSLA@652441b]
2016-07-23 12:19:17,944 [DEBUG][apper-driver1-6-0001][org.jppf.client.balancer.ChannelWrapperRemote.run(225)]: received 1 tasks from server, first position=0
2016-07-23 12:19:17,945 [DEBUG][apper-driver1-6-0001][org.jppf.client.balancer.ChannelWrapperRemote.run(251)]: finally: channelClosed=false, resetting=false
2016-07-23 12:19:17,945 [DEBUG][apper-driver1-6-0001][org.jppf.client.balancer.ChannelWrapperRemote.run(207)]: ChannelWrapperRemote[channel=driver1-6[localhost:11111] : EXECUTING] executing 1 tasks of job JPPFJob[name=Job 71 - batch 3 (50/50), uuid=4DCAD830-4953-3500-9362-5300DE0C24E0, blocking=false, nbTasks=1, nbResults=0, jobSLA=org.jppf.node.protocol.JPPFJobSLA@77435978]
2016-07-23 12:19:18,643 [DEBUG][apper-driver1-7-0001][org.jppf.client.balancer.ChannelWrapperRemote.run(225)]: received 1 tasks from server, first position=0
2016-07-23 12:19:18,644 [DEBUG][apper-driver1-7-0001][org.jppf.client.balancer.ChannelWrapperRemote.run(251)]: finally: channelClosed=false, resetting=false
2016-07-23 12:19:18,652 [DEBUG][apper-driver1-2-0001][org.jppf.client.balancer.ChannelWrapperRemote.run(225)]: received 1 tasks from server, first position=0
2016-07-23 12:19:18,652 [DEBUG][apper-driver1-2-0001][org.jppf.client.balancer.ChannelWrapperRemote.run(251)]: finally: channelClosed=false, resetting=false
2016-07-23 12:19:18,657 [DEBUG][apper-driver1-3-0001][org.jppf.client.balancer.ChannelWrapperRemote.run(225)]: received 1 tasks from server, first position=0
2016-07-23 12:19:18,658 [DEBUG][apper-driver1-3-0001][org.jppf.client.balancer.ChannelWrapperRemote.run(251)]: finally: channelClosed=false, resetting=false
2016-07-23 12:19:18,661 [DEBUG][apper-driver1-5-0001][org.jppf.client.balancer.ChannelWrapperRemote.run(225)]: received 1 tasks from server, first position=0
2016-07-23 12:19:18,662 [DEBUG][apper-driver1-5-0001][org.jppf.client.balancer.ChannelWrapperRemote.run(251)]: finally: channelClosed=false, resetting=false
2016-07-23 12:19:18,662 [DEBUG][apper-driver1-9-0001][org.jppf.client.balancer.ChannelWrapperRemote.run(225)]: received 1 tasks from server, first position=0
2016-07-23 12:19:18,663 [DEBUG][apper-driver1-9-0001][org.jppf.client.balancer.ChannelWrapperRemote.run(251)]: finally: channelClosed=false, resetting=false
2016-07-23 12:19:19,366 [DEBUG][apper-driver1-4-0001][org.jppf.client.balancer.ChannelWrapperRemote.run(225)]: received 1 tasks from server, first position=0
2016-07-23 12:19:19,367 [DEBUG][apper-driver1-4-0001][org.jppf.client.balancer.ChannelWrapperRemote.run(251)]: finally: channelClosed=false, resetting=false
2016-07-23 12:19:19,421 [DEBUG][apper-driver1-8-0001][org.jppf.client.balancer.ChannelWrapperRemote.run(225)]: received 1 tasks from server, first position=0
2016-07-23 12:19:19,421 [DEBUG][apper-driver1-8-0001][org.jppf.client.balancer.ChannelWrapperRemote.run(251)]: finally: channelClosed=false, resetting=false
2016-07-23 12:19:19,444 [DEBUG][apper-driver1-1-0001][org.jppf.client.balancer.ChannelWrapperRemote.run(225)]: received 1 tasks from server, first position=0
2016-07-23 12:19:19,444 [DEBUG][apper-driver1-1-0001][org.jppf.client.balancer.ChannelWrapperRemote.run(251)]: finally: channelClosed=false, resetting=false
2016-07-23 12:19:19,444 [DEBUG][pper-driver1-10-0001][org.jppf.client.balancer.ChannelWrapperRemote.run(225)]: received 1 tasks from server, first position=0
2016-07-23 12:19:19,445 [DEBUG][pper-driver1-10-0001][org.jppf.client.balancer.ChannelWrapperRemote.run(251)]: finally: channelClosed=false, resetting=false
2016-07-23 12:19:19,453 [DEBUG][apper-driver1-6-0001][org.jppf.client.balancer.ChannelWrapperRemote.run(225)]: received 1 tasks from server, first position=0
2016-07-23 12:19:19,454 [DEBUG][apper-driver1-6-0001][org.jppf.client.balancer.ChannelWrapperRemote.run(251)]: finally: channelClosed=false, resetting=false
2016-07-23 12:19:21,483 [DEBUG][apper-driver1-2-0001][org.jppf.client.balancer.ChannelWrapperRemote.run(207)]: ChannelWrapperRemote[channel=driver1-2[localhost:11111] : EXECUTING] executing 1 tasks of job JPPFJob[name=Job 72 - batch 4 (1/8), uuid=2A69F94F-E583-CF8A-A5A1-28350E2B612D, blocking=false, nbTasks=1, nbResults=0, jobSLA=org.jppf.node.protocol.JPPFJobSLA@38571f7e]
2016-07-23 12:19:21,487 [DEBUG][apper-driver1-4-0001][org.jppf.client.balancer.ChannelWrapperRemote.run(207)]: ChannelWrapperRemote[channel=driver1-4[localhost:11111] : EXECUTING] executing 1 tasks of job JPPFJob[name=Job 74 - batch 4 (3/8), uuid=7CB8ACF1-9F9F-FE76-67C2-AFA68827A29B, blocking=false, nbTasks=1, nbResults=0, jobSLA=org.jppf.node.protocol.JPPFJobSLA@1c820671]
2016-07-23 12:19:21,491 [DEBUG][apper-driver1-3-0001][org.jppf.client.balancer.ChannelWrapperRemote.run(207)]: ChannelWrapperRemote[channel=driver1-3[localhost:11111] : EXECUTING] executing 1 tasks of job JPPFJob[name=Job 75 - batch 4 (4/8), uuid=64DF2874-906B-8A64-0D40-6A9F8603CFCB, blocking=false, nbTasks=1, nbResults=0, jobSLA=org.jppf.node.protocol.JPPFJobSLA@cb37e25]
2016-07-23 12:19:21,491 [DEBUG][apper-driver1-6-0001][org.jppf.client.balancer.ChannelWrapperRemote.run(207)]: ChannelWrapperRemote[channel=driver1-6[localhost:11111] : EXECUTING] executing 1 tasks of job JPPFJob[name=Job 76 - batch 4 (5/8), uuid=04ECB9C5-B31C-0498-ED0E-12BB922F92F0, blocking=false, nbTasks=1, nbResults=0, jobSLA=org.jppf.node.protocol.JPPFJobSLA@72f2a1bd]
2016-07-23 12:19:21,492 [DEBUG][apper-driver1-1-0001][org.jppf.client.balancer.ChannelWrapperRemote.run(207)]: ChannelWrapperRemote[channel=driver1-1[localhost:11111] : EXECUTING] executing 1 tasks of job JPPFJob[name=Job 77 - batch 4 (6/8), uuid=2B7A6CFE-1E93-66FB-B217-7C72C9EFF133, blocking=false, nbTasks=1, nbResults=0, jobSLA=org.jppf.node.protocol.JPPFJobSLA@3a46c14f]
2016-07-23 12:19:21,495 [DEBUG][apper-driver1-5-0001][org.jppf.client.balancer.ChannelWrapperRemote.run(207)]: ChannelWrapperRemote[channel=driver1-5[localhost:11111] : EXECUTING] executing 1 tasks of job JPPFJob[name=Job 79 - batch 4 (8/8), uuid=243BEC36-C5EA-7CA3-04B4-C68E83CED3D1, blocking=false, nbTasks=1, nbResults=0, jobSLA=org.jppf.node.protocol.JPPFJobSLA@90bb332]
2016-07-23 12:19:21,492 [DEBUG][apper-driver1-8-0001][org.jppf.client.balancer.ChannelWrapperRemote.run(207)]: ChannelWrapperRemote[channel=driver1-8[localhost:11111] : EXECUTING] executing 1 tasks of job JPPFJob[name=Job 73 - batch 4 (2/8), uuid=03D49C5D-AEED-141C-F4A4-1FFD6193FEA5, blocking=false, nbTasks=1, nbResults=0, jobSLA=org.jppf.node.protocol.JPPFJobSLA@2e88aace]
2016-07-23 12:19:21,497 [DEBUG][apper-driver1-7-0001][org.jppf.client.balancer.ChannelWrapperRemote.run(207)]: ChannelWrapperRemote[channel=driver1-7[localhost:11111] : EXECUTING] executing 1 tasks of job JPPFJob[name=Job 78 - batch 4 (7/8), uuid=9641D1E8-2542-6A18-9C23-5478A0CBEACA, blocking=false, nbTasks=1, nbResults=0, jobSLA=org.jppf.node.protocol.JPPFJobSLA@3594c4f7]
2016-07-23 12:19:23,036 [DEBUG][apper-driver1-3-0001][org.jppf.client.balancer.ChannelWrapperRemote.run(225)]: received 1 tasks from server, first position=0
2016-07-23 12:19:23,036 [DEBUG][apper-driver1-3-0001][org.jppf.client.balancer.ChannelWrapperRemote.run(251)]: finally: channelClosed=false, resetting=false
2016-07-23 12:19:23,040 [DEBUG][apper-driver1-6-0001][org.jppf.client.balancer.ChannelWrapperRemote.run(225)]: received 1 tasks from server, first position=0
2016-07-23 12:19:23,040 [DEBUG][apper-driver1-6-0001][org.jppf.client.balancer.ChannelWrapperRemote.run(251)]: finally: channelClosed=false, resetting=false
2016-07-23 12:19:24,545 [DEBUG][apper-driver1-8-0001][org.jppf.client.balancer.ChannelWrapperRemote.run(225)]: received 1 tasks from server, first position=0
2016-07-23 12:19:24,546 [DEBUG][apper-driver1-8-0001][org.jppf.client.balancer.ChannelWrapperRemote.run(251)]: finally: channelClosed=false, resetting=false
2016-07-23 12:19:24,557 [DEBUG][apper-driver1-5-0001][org.jppf.client.balancer.ChannelWrapperRemote.run(225)]: received 1 tasks from server, first position=0
2016-07-23 12:19:24,557 [DEBUG][apper-driver1-5-0001][org.jppf.client.balancer.ChannelWrapperRemote.run(251)]: finally: channelClosed=false, resetting=false
2016-07-23 12:19:26,056 [DEBUG][apper-driver1-7-0001][org.jppf.client.balancer.ChannelWrapperRemote.run(225)]: received 1 tasks from server, first position=0
2016-07-23 12:19:26,056 [DEBUG][apper-driver1-7-0001][org.jppf.client.balancer.ChannelWrapperRemote.run(251)]: finally: channelClosed=false, resetting=false
2016-07-23 12:19:26,065 [DEBUG][apper-driver1-1-0001][org.jppf.client.balancer.ChannelWrapperRemote.run(225)]: received 1 tasks from server, first position=0
2016-07-23 12:19:26,066 [DEBUG][apper-driver1-1-0001][org.jppf.client.balancer.ChannelWrapperRemote.run(251)]: finally: channelClosed=false, resetting=false
2016-07-23 12:19:27,566 [DEBUG][apper-driver1-2-0001][org.jppf.client.balancer.ChannelWrapperRemote.run(225)]: received 1 tasks from server, first position=0
2016-07-23 12:19:27,566 [DEBUG][apper-driver1-2-0001][org.jppf.client.balancer.ChannelWrapperRemote.run(251)]: finally: channelClosed=false, resetting=false
2016-07-23 12:19:27,575 [DEBUG][apper-driver1-4-0001][org.jppf.client.balancer.ChannelWrapperRemote.run(225)]: received 1 tasks from server, first position=0
2016-07-23 12:19:27,575 [DEBUG][apper-driver1-4-0001][org.jppf.client.balancer.ChannelWrapperRemote.run(251)]: finally: channelClosed=false, resetting=false
